#
# A fatal error has been detected by the Java Runtime Environment:
#
#  SIGSEGV (0xb) at pc=0x00007f83080000c8, pid=18793, tid=0x00007f8335451700
#
# JRE version: Java(TM) SE Runtime Environment (8.0_92-b14) (build 1.8.0_92-b14)
# Java VM: Java HotSpot(TM) 64-Bit Server VM (25.92-b14 mixed mode linux-amd64 compressed oops)
# Problematic frame:
# C  0x00007f83080000c8
#
# Failed to write core dump. Core dumps have been disabled. To enable core dumping, try "ulimit -c unlimited" before starting Java again
#
# If you would like to submit a bug report, please visit:
#   http://bugreport.java.com/bugreport/crash.jsp
#

---------------  T H R E A D  ---------------

Current thread (0x00007f83480cd800):  JavaThread "JDWP Transport Listener: dt_socket" daemon [_thread_in_vm, id=18809, stack(0x00007f8335351000,0x00007f8335452000)]

siginfo: si_signo: 11 (SIGSEGV), si_code: 2 (SEGV_ACCERR), si_addr: 0x00007f83080000c8

Registers:
RAX=0x00007f830800c130, RBX=0x00007f83080000d8, RCX=0x00007f834ef33320, RDX=0x00007f834e50b220
RSP=0x00007f8335450988, RBP=0x00007f83354509a0, RSI=0x00007f83480cd800, RDI=0x00007f83080000d8
R8 =0x00007f83480ce5f0, R9 =0x0000000000000000, R10=0x0000000000000001, R11=0x00007f834e6c2310
R12=0x0000000000000017, R13=0x00007f83080000e8, R14=0x00007f83480cd800, R15=0x00007f8335450aa7
RIP=0x00007f83080000c8, EFLAGS=0x0000000000010202, CSGSFS=0x0000000000000033, ERR=0x0000000000000015
  TRAPNO=0x000000000000000e

Top of Stack: (sp=0x00007f8335450988)
0x00007f8335450988:   00007f834ddf9607 0000000000000074
0x00007f8335450998:   00007f8348008ea0 00007f8335450a10
0x00007f83354509a8:   00007f834dc89f8e 00007f8348008ea0
0x00007f83354509b8:   00007f83354509c0 00007f83480cd800
0x00007f83354509c8:   0000000000000000 00007f8300000000
0x00007f83354509d8:   0000000000000000 00007f83354509f0
0x00007f83354509e8:   00007f834cc07e40 00007f83080000e8
0x00007f83354509f8:   00007f8335450aa7 0000000000000000
0x00007f8335450a08:   00007f8335450aa7 00007f8335450a40
0x00007f8335450a18:   00007f834c9f38c2 00007f8335450a40
0x00007f8335450a28:   00007f83080000e8 00007f8335450b10
0x00007f8335450a38:   0000000000000000 00007f8335450ad0
0x00007f8335450a48:   00007f834c9d4aa0 00007f8335450a88
0x00007f8335450a58:   00007f8335450a80 00007f8335450a78
0x00007f8335450a68:   00007f8335450a9c 000000010800cac0
0x00007f8335450a78:   0000000000000000 0000000000000000
0x00007f8335450a88:   0000000000000000 00007f8308007cd0
0x00007f8335450a98:   00007f8335450b10 000000000000000e
0x00007f8335450aa8:   0000000000000002 000000000000000f
0x00007f8335450ab8:   0000000000000002 00000000000f0200
0x00007f8335450ac8:   000000000000000f 00007f8335450d20
0x00007f8335450ad8:   00007f834c9df9c6 00004c2900000013
0x00007f8335450ae8:   00007f834d0f0200 00007f8300000ba0
0x00007f8335450af8:   00007f834cc07e40 00007f8335450b10
0x00007f8335450b08:   00007f8335450ca0 00007f8335450b64
0x00007f8335450b18:   00007f8300000128 00007f8335450b28
0x00007f8335450b28:   0000000000000004 00007f8335450b60
0x00007f8335450b38:   0000000000000000 00007f0000000000
0x00007f8335450b48:   00004c290000001c 00007f8300000c80
0x00007f8335450b58:   00007f8335450b60 000000010e000000
0x00007f8335450b68:   0000003000000000 7f00002f00000007
0x00007f8335450b78:   000000b8bf000883 0000008703000000 

Instructions: (pc=0x00007f83080000c8)
0x00007f83080000a8:   10 82 00 08 83 7f 00 00 10 82 00 08 83 7f 00 00
0x00007f83080000b8:   a8 00 00 08 83 7f 00 00 a8 00 00 08 83 7f 00 00
0x00007f83080000c8:   b8 00 00 08 83 7f 00 00 b8 00 00 08 83 7f 00 00
0x00007f83080000d8:   30 c1 00 08 83 7f 00 00 30 c1 00 08 83 7f 00 00 

Register to memory mapping:

RAX=0x00007f830800c130 is an unknown value
RBX=0x00007f83080000d8 is an unknown value
RCX=0x00007f834ef33320: <offset 0x219320> in /lib/x86_64-linux-gnu/libpthread.so.0 at 0x00007f834ed1a000
RDX=0x00007f834e50b220: <offset 0xfba220> in /usr/lib/jvm1/jdk1.8.0_92/jre/lib/amd64/server/libjvm.so at 0x00007f834d551000
RSP=0x00007f8335450988 is pointing into the stack for thread: 0x00007f83480cd800
RBP=0x00007f83354509a0 is pointing into the stack for thread: 0x00007f83480cd800
RSI=0x00007f83480cd800 is a thread
RDI=0x00007f83080000d8 is an unknown value
R8 =0x00007f83480ce5f0 is an unknown value
R9 =0x0000000000000000 is an unknown value
R10=0x0000000000000001 is an unknown value
R11=0x00007f834e6c2310: <offset 0x18b310> in /lib/x86_64-linux-gnu/libc.so.6 at 0x00007f834e537000
R12=0x0000000000000017 is an unknown value
R13=0x00007f83080000e8 is an unknown value
R14=0x00007f83480cd800 is a thread
R15=0x00007f8335450aa7 is pointing into the stack for thread: 0x00007f83480cd800


Stack: [0x00007f8335351000,0x00007f8335452000],  sp=0x00007f8335450988,  free space=1022k
Native frames: (J=compiled Java code, j=interpreted, Vv=VM code, C=native code)
C  0x00007f83080000c8
V  [libjvm.so+0x738f8e]  jvmti_IsMethodSynthetic+0x2be
C  [libjdwp.so+0x258c2]  isMethodSynthetic+0x42
C  [libjdwp.so+0x6aa0]  methods1+0x1b0
C  [libjdwp.so+0x119c6]  debugLoop_run+0x2b6
C  [libjdwp.so+0x247ff]  attachThread+0x2f
V  [libjvm.so+0x7a5472]  JvmtiAgentThread::call_start_function()+0xc2
V  [libjvm.so+0xa6cc5f]  JavaThread::thread_main_inner()+0xdf
V  [libjvm.so+0xa6cd8c]  JavaThread::run()+0x11c
V  [libjvm.so+0x91fad8]  java_start(Thread*)+0x108
C  [libpthread.so.0+0x8184]  start_thread+0xc4


---------------  P R O C E S S  ---------------

Java Threads: ( => current thread )
  0x00007f8348012800 JavaThread "DestroyJavaVM" [_thread_blocked, id=18798, stack(0x00007f834f03a000,0x00007f834f13b000)]
  0x00007f82d509a800 JavaThread "http-nio-9093-Acceptor" daemon [_thread_in_native, id=18859, stack(0x00007f82e49fd000,0x00007f82e4afe000)]
  0x00007f82d5097800 JavaThread "http-nio-9093-ClientPoller" daemon [_thread_in_native, id=18858, stack(0x00007f82e4afe000,0x00007f82e4bff000)]
  0x00007f82d5095000 JavaThread "http-nio-9093-exec-10" daemon [_thread_blocked, id=18857, stack(0x00007f82e4bff000,0x00007f82e4d00000)]
  0x00007f82d4c5e800 JavaThread "http-nio-9093-exec-9" daemon [_thread_blocked, id=18856, stack(0x00007f82e4d00000,0x00007f82e4e01000)]
  0x00007f82d4c5c800 JavaThread "http-nio-9093-exec-8" daemon [_thread_blocked, id=18855, stack(0x00007f82e4e01000,0x00007f82e4f02000)]
  0x00007f82d4c5a800 JavaThread "http-nio-9093-exec-7" daemon [_thread_blocked, id=18854, stack(0x00007f82e4f02000,0x00007f82e5003000)]
  0x00007f82d4c58800 JavaThread "http-nio-9093-exec-6" daemon [_thread_blocked, id=18853, stack(0x00007f82e5003000,0x00007f82e5104000)]
  0x00007f82d4c57000 JavaThread "http-nio-9093-exec-5" daemon [_thread_blocked, id=18852, stack(0x00007f82e5104000,0x00007f82e5205000)]
  0x00007f82d4c55000 JavaThread "http-nio-9093-exec-4" daemon [_thread_blocked, id=18851, stack(0x00007f82e5205000,0x00007f82e5306000)]
  0x00007f82d4c53800 JavaThread "http-nio-9093-exec-3" daemon [_thread_blocked, id=18850, stack(0x00007f82e5306000,0x00007f82e5407000)]
  0x00007f82d4c52000 JavaThread "http-nio-9093-exec-2" daemon [_thread_blocked, id=18849, stack(0x00007f82e5407000,0x00007f82e5508000)]
  0x00007f82d4c50000 JavaThread "http-nio-9093-exec-1" daemon [_thread_blocked, id=18848, stack(0x00007f82e5508000,0x00007f82e5609000)]
  0x00007f82d4c4e000 JavaThread "http-nio-9093-BlockPoller" daemon [_thread_in_native, id=18847, stack(0x00007f82e5609000,0x00007f82e570a000)]
  0x00007f82d4c36000 JavaThread "DefaultMessageListenerContainer-1" [_thread_blocked, id=18846, stack(0x00007f82e570a000,0x00007f82e580b000)]
  0x00007f82d4c32000 JavaThread "ActiveMQ Transport: tcp:///192.168.1.109:36363@48642" [_thread_in_native, id=18845, stack(0x00007f82e580b000,0x00007f82e590c000)]
  0x00007f82d4c2c800 JavaThread "ActiveMQ InactivityMonitor ReadCheckTimer" daemon [_thread_blocked, id=18844, stack(0x00007f82e5c23000,0x00007f82e5d24000)]
  0x00007f82d4051000 JavaThread "File Watcher" daemon [_thread_blocked, id=18843, stack(0x00007f82e5f24000,0x00007f82e6025000)]
  0x00007f82d4800000 JavaThread "Live Reload Server" daemon [_thread_in_native, id=18842, stack(0x00007f82e5b0c000,0x00007f82e5c0d000)]
  0x00007f82d56c0000 JavaThread "mysql-cj-abandoned-connection-cleanup" daemon [_thread_blocked, id=18839, stack(0x00007f82e66fb000,0x00007f82e67fc000)]
  0x00007f82d5651000 JavaThread "container-0" [_thread_blocked, id=18838, stack(0x00007f82e67fc000,0x00007f82e68fd000)]
  0x00007f82d845b800 JavaThread "Catalina-utility-2" [_thread_blocked, id=18837, stack(0x00007f82e68fd000,0x00007f82e69fe000)]
  0x00007f82d5645000 JavaThread "Catalina-utility-1" [_thread_blocked, id=18836, stack(0x00007f82e7bfe000,0x00007f82e7cff000)]
  0x00007f83486a6000 JavaThread "RMI TCP Accept-0" daemon [_thread_in_native, id=18823, stack(0x00007f83340ab000,0x00007f83341ac000)]
  0x00007f8348687800 JavaThread "RMI TCP Accept-36716" daemon [_thread_in_native, id=18822, stack(0x00007f83341ac000,0x00007f83342ad000)]
  0x00007f834866f800 JavaThread "RMI TCP Accept-0" daemon [_thread_in_native, id=18821, stack(0x00007f83342ad000,0x00007f83343ae000)]
  0x00007f83480db000 JavaThread "Service Thread" daemon [_thread_blocked, id=18820, stack(0x00007f8334d4b000,0x00007f8334e4c000)]
  0x00007f83480d8000 JavaThread "C1 CompilerThread2" daemon [_thread_blocked, id=18819, stack(0x00007f8334e4c000,0x00007f8334f4d000)]
  0x00007f83480d6000 JavaThread "C2 CompilerThread1" daemon [_thread_blocked, id=18817, stack(0x00007f8334f4d000,0x00007f833504e000)]
  0x00007f83480d3800 JavaThread "C2 CompilerThread0" daemon [_thread_blocked, id=18816, stack(0x00007f833504e000,0x00007f833514f000)]
  0x00007f8308001000 JavaThread "JDWP Command Reader" daemon [_thread_in_native, id=18813, stack(0x00007f833514f000,0x00007f8335250000)]
  0x00007f83480d1000 JavaThread "JDWP Event Helper Thread" daemon [_thread_blocked, id=18812, stack(0x00007f8335250000,0x00007f8335351000)]
=>0x00007f83480cd800 JavaThread "JDWP Transport Listener: dt_socket" daemon [_thread_in_vm, id=18809, stack(0x00007f8335351000,0x00007f8335452000)]
  0x00007f83480be800 JavaThread "Signal Dispatcher" daemon [_thread_blocked, id=18807, stack(0x00007f8335656000,0x00007f8335757000)]
  0x00007f834808c800 JavaThread "Finalizer" daemon [_thread_blocked, id=18806, stack(0x00007f8335757000,0x00007f8335858000)]
  0x00007f8348088000 JavaThread "Reference Handler" daemon [_thread_blocked, id=18805, stack(0x00007f8335858000,0x00007f8335959000)]

Other Threads:
  0x00007f8348080800 VMThread [stack: 0x00007f8335959000,0x00007f8335a5a000] [id=18804]
  0x00007f83486a9000 WatcherThread [stack: 0x00007f831c17f000,0x00007f831c280000] [id=18824]

VM state:not at safepoint (normal execution)

VM Mutex/Monitor currently owned by a thread: None

Heap:
 PSYoungGen      total 209408K, used 54377K [0x00000000d7000000, 0x00000000e9d00000, 0x0000000100000000)
  eden space 197632K, 21% used [0x00000000d7000000,0x00000000d999c208,0x00000000e3100000)
  from space 11776K, 99% used [0x00000000e3100000,0x00000000e3c7e5e0,0x00000000e3c80000)
  to   space 16896K, 0% used [0x00000000e8c80000,0x00000000e8c80000,0x00000000e9d00000)
 ParOldGen       total 67072K, used 23772K [0x0000000085000000, 0x0000000089180000, 0x00000000d7000000)
  object space 67072K, 35% used [0x0000000085000000,0x00000000867371c0,0x0000000089180000)
 Metaspace       used 49785K, capacity 52016K, committed 52352K, reserved 1095680K
  class space    used 6330K, capacity 6747K, committed 6784K, reserved 1048576K

Card table byte_map: [0x00007f8337e11000,0x00007f83381ea000] byte_map_base: 0x00007f83379e9000

Marking Bits: (ParMarkBitMap*) 0x00007f834e50a4c0
 Begin Bits: [0x00007f831c280000, 0x00007f831e140000)
 End Bits:   [0x00007f831e140000, 0x00007f8320000000)

Polling page: 0x00007f834f159000

CodeCache: size=245760Kb used=12628Kb max_used=13904Kb free=233131Kb
 bounds [0x00007f83385aa000, 0x00007f83393ca000, 0x00007f83475aa000]
 total_blobs=4382 nmethods=3866 adapters=437
 compilation: enabled

Compilation events (10 events):
Event: 153.155 Thread 0x00007f83480d8000 4528       3       java.util.concurrent.locks.AbstractQueuedSynchronizer$ConditionObject::awaitNanos (156 bytes)
Event: 153.156 Thread 0x00007f83480d8000 nmethod 4528 0x00007f8338f6e6d0 code [0x00007f8338f6ea00, 0x00007f8338f70198]
Event: 154.591 Thread 0x00007f83480d8000 4529       1       java.nio.channels.SelectionKey::attachment (5 bytes)
Event: 154.591 Thread 0x00007f83480d8000 nmethod 4529 0x00007f8338d4cbd0 code [0x00007f8338d4cd20, 0x00007f8338d4ce30]
Event: 154.734 Thread 0x00007f83480d8000 4530       1       org.apache.catalina.valves.ValveBase::getNext (5 bytes)
Event: 154.735 Thread 0x00007f83480d8000 nmethod 4530 0x00007f8338d58490 code [0x00007f8338d585e0, 0x00007f8338d586f0]
Event: 164.025 Thread 0x00007f83480d8000 4531       1       java.util.LinkedHashMap$LinkedKeySet::size (8 bytes)
Event: 164.025 Thread 0x00007f83480d8000 nmethod 4531 0x00007f8338d58190 code [0x00007f8338d582e0, 0x00007f8338d583f0]
Event: 165.155 Thread 0x00007f83480d6000 4532       4       java.util.concurrent.locks.ReentrantLock$Sync::tryRelease (45 bytes)
Event: 165.158 Thread 0x00007f83480d6000 nmethod 4532 0x00007f8338d57ed0 code [0x00007f8338d58020, 0x00007f8338d580d8]

GC Heap History (10 events):
Event: 2.689 GC heap before
{Heap before GC invocations=7 (full 1):
 PSYoungGen      total 68608K, used 63488K [0x00000000d7000000, 0x00000000dfc00000, 0x0000000100000000)
  eden space 63488K, 100% used [0x00000000d7000000,0x00000000dae00000,0x00000000dae00000)
  from space 5120K, 0% used [0x00000000dae00000,0x00000000dae00000,0x00000000db300000)
  to   space 8192K, 0% used [0x00000000df400000,0x00000000df400000,0x00000000dfc00000)
 ParOldGen       total 45568K, used 5316K [0x0000000085000000, 0x0000000087c80000, 0x00000000d7000000)
  object space 45568K, 11% used [0x0000000085000000,0x0000000085531010,0x0000000087c80000)
 Metaspace       used 23553K, capacity 24280K, committed 24448K, reserved 1071104K
  class space    used 2997K, capacity 3178K, committed 3200K, reserved 1048576K
Event: 2.698 GC heap after
Heap after GC invocations=7 (full 1):
 PSYoungGen      total 120832K, used 6876K [0x00000000d7000000, 0x00000000dfb00000, 0x0000000100000000)
  eden space 113664K, 0% used [0x00000000d7000000,0x00000000d7000000,0x00000000ddf00000)
  from space 7168K, 95% used [0x00000000df400000,0x00000000dfab7140,0x00000000dfb00000)
  to   space 8192K, 0% used [0x00000000deb00000,0x00000000deb00000,0x00000000df300000)
 ParOldGen       total 45568K, used 5316K [0x0000000085000000, 0x0000000087c80000, 0x00000000d7000000)
  object space 45568K, 11% used [0x0000000085000000,0x0000000085531010,0x0000000087c80000)
 Metaspace       used 23553K, capacity 24280K, committed 24448K, reserved 1071104K
  class space    used 2997K, capacity 3178K, committed 3200K, reserved 1048576K
}
Event: 4.109 GC heap before
{Heap before GC invocations=8 (full 1):
 PSYoungGen      total 120832K, used 120540K [0x00000000d7000000, 0x00000000dfb00000, 0x0000000100000000)
  eden space 113664K, 100% used [0x00000000d7000000,0x00000000ddf00000,0x00000000ddf00000)
  from space 7168K, 95% used [0x00000000df400000,0x00000000dfab7140,0x00000000dfb00000)
  to   space 8192K, 0% used [0x00000000deb00000,0x00000000deb00000,0x00000000df300000)
 ParOldGen       total 45568K, used 5316K [0x0000000085000000, 0x0000000087c80000, 0x00000000d7000000)
  object space 45568K, 11% used [0x0000000085000000,0x0000000085531010,0x0000000087c80000)
 Metaspace       used 29874K, capacity 31000K, committed 31232K, reserved 1077248K
  class space    used 3820K, capacity 4081K, committed 4096K, reserved 1048576K
Event: 4.121 GC heap after
Heap after GC invocations=8 (full 1):
 PSYoungGen      total 134144K, used 8178K [0x00000000d7000000, 0x00000000e4700000, 0x0000000100000000)
  eden space 125952K, 0% used [0x00000000d7000000,0x00000000d7000000,0x00000000deb00000)
  from space 8192K, 99% used [0x00000000deb00000,0x00000000df2fc840,0x00000000df300000)
  to   space 10752K, 0% used [0x00000000e3c80000,0x00000000e3c80000,0x00000000e4700000)
 ParOldGen       total 45568K, used 8377K [0x0000000085000000, 0x0000000087c80000, 0x00000000d7000000)
  object space 45568K, 18% used [0x0000000085000000,0x000000008582e768,0x0000000087c80000)
 Metaspace       used 29874K, capacity 31000K, committed 31232K, reserved 1077248K
  class space    used 3820K, capacity 4081K, committed 4096K, reserved 1048576K
}
Event: 4.771 GC heap before
{Heap before GC invocations=9 (full 1):
 PSYoungGen      total 134144K, used 60169K [0x00000000d7000000, 0x00000000e4700000, 0x0000000100000000)
  eden space 125952K, 41% used [0x00000000d7000000,0x00000000da2c5e98,0x00000000deb00000)
  from space 8192K, 99% used [0x00000000deb00000,0x00000000df2fc840,0x00000000df300000)
  to   space 10752K, 0% used [0x00000000e3c80000,0x00000000e3c80000,0x00000000e4700000)
 ParOldGen       total 45568K, used 8377K [0x0000000085000000, 0x0000000087c80000, 0x00000000d7000000)
  object space 45568K, 18% used [0x0000000085000000,0x000000008582e768,0x0000000087c80000)
 Metaspace       used 33726K, capacity 35360K, committed 35416K, reserved 1081344K
  class space    used 4312K, capacity 4605K, committed 4608K, reserved 1048576K
Event: 4.780 GC heap after
Heap after GC invocations=9 (full 1):
 PSYoungGen      total 208384K, used 10489K [0x00000000d7000000, 0x00000000e5900000, 0x0000000100000000)
  eden space 197632K, 0% used [0x00000000d7000000,0x00000000d7000000,0x00000000e3100000)
  from space 10752K, 97% used [0x00000000e3c80000,0x00000000e46be718,0x00000000e4700000)
  to   space 11776K, 0% used [0x00000000e3100000,0x00000000e3100000,0x00000000e3c80000)
 ParOldGen       total 45568K, used 8385K [0x0000000085000000, 0x0000000087c80000, 0x00000000d7000000)
  object space 45568K, 18% used [0x0000000085000000,0x0000000085830768,0x0000000087c80000)
 Metaspace       used 33726K, capacity 35360K, committed 35416K, reserved 1081344K
  class space    used 4312K, capacity 4605K, committed 4608K, reserved 1048576K
}
Event: 4.780 GC heap before
{Heap before GC invocations=10 (full 2):
 PSYoungGen      total 208384K, used 10489K [0x00000000d7000000, 0x00000000e5900000, 0x0000000100000000)
  eden space 197632K, 0% used [0x00000000d7000000,0x00000000d7000000,0x00000000e3100000)
  from space 10752K, 97% used [0x00000000e3c80000,0x00000000e46be718,0x00000000e4700000)
  to   space 11776K, 0% used [0x00000000e3100000,0x00000000e3100000,0x00000000e3c80000)
 ParOldGen       total 45568K, used 8385K [0x0000000085000000, 0x0000000087c80000, 0x00000000d7000000)
  object space 45568K, 18% used [0x0000000085000000,0x0000000085830768,0x0000000087c80000)
 Metaspace       used 33726K, capacity 35360K, committed 35416K, reserved 1081344K
  class space    used 4312K, capacity 4605K, committed 4608K, reserved 1048576K
Event: 4.822 GC heap after
Heap after GC invocations=10 (full 2):
 PSYoungGen      total 208384K, used 0K [0x00000000d7000000, 0x00000000e5900000, 0x0000000100000000)
  eden space 197632K, 0% used [0x00000000d7000000,0x00000000d7000000,0x00000000e3100000)
  from space 10752K, 0% used [0x00000000e3c80000,0x00000000e3c80000,0x00000000e4700000)
  to   space 11776K, 0% used [0x00000000e3100000,0x00000000e3100000,0x00000000e3c80000)
 ParOldGen       total 67072K, used 15169K [0x0000000085000000, 0x0000000089180000, 0x00000000d7000000)
  object space 67072K, 22% used [0x0000000085000000,0x0000000085ed04f0,0x0000000089180000)
 Metaspace       used 33726K, capacity 35360K, committed 35416K, reserved 1081344K
  class space    used 4312K, capacity 4605K, committed 4608K, reserved 1048576K
}
Event: 41.621 GC heap before
{Heap before GC invocations=11 (full 2):
 PSYoungGen      total 208384K, used 197632K [0x00000000d7000000, 0x00000000e5900000, 0x0000000100000000)
  eden space 197632K, 100% used [0x00000000d7000000,0x00000000e3100000,0x00000000e3100000)
  from space 10752K, 0% used [0x00000000e3c80000,0x00000000e3c80000,0x00000000e4700000)
  to   space 11776K, 0% used [0x00000000e3100000,0x00000000e3100000,0x00000000e3c80000)
 ParOldGen       total 67072K, used 15169K [0x0000000085000000, 0x0000000089180000, 0x00000000d7000000)
  object space 67072K, 22% used [0x0000000085000000,0x0000000085ed04f0,0x0000000089180000)
 Metaspace       used 49029K, capacity 51276K, committed 51584K, reserved 1093632K
  class space    used 6259K, capacity 6677K, committed 6784K, reserved 1048576K
Event: 41.636 GC heap after
Heap after GC invocations=11 (full 2):
 PSYoungGen      total 209408K, used 11769K [0x00000000d7000000, 0x00000000e9d00000, 0x0000000100000000)
  eden space 197632K, 0% used [0x00000000d7000000,0x00000000d7000000,0x00000000e3100000)
  from space 11776K, 99% used [0x00000000e3100000,0x00000000e3c7e5e0,0x00000000e3c80000)
  to   space 16896K, 0% used [0x00000000e8c80000,0x00000000e8c80000,0x00000000e9d00000)
 ParOldGen       total 67072K, used 23772K [0x0000000085000000, 0x0000000089180000, 0x00000000d7000000)
  object space 67072K, 35% used [0x0000000085000000,0x00000000867371c0,0x0000000089180000)
 Metaspace       used 49029K, capacity 51276K, committed 51584K, reserved 1093632K
  class space    used 6259K, capacity 6677K, committed 6784K, reserved 1048576K
}

Deoptimization events (10 events):
Event: 27.737 Thread 0x00007f82d4c50000 Uncommon trap: reason=unhandled action=none pc=0x00007f8338b3cf84 method=java.net.URLClassLoader.findClass(Ljava/lang/String;)Ljava/lang/Class; @ 44
Event: 27.738 Thread 0x00007f82d4c50000 Uncommon trap: reason=unhandled action=none pc=0x00007f8338b3cf84 method=java.net.URLClassLoader.findClass(Ljava/lang/String;)Ljava/lang/Class; @ 44
Event: 27.738 Thread 0x00007f82d4c50000 Uncommon trap: reason=unhandled action=none pc=0x00007f8338b3cf84 method=java.net.URLClassLoader.findClass(Ljava/lang/String;)Ljava/lang/Class; @ 44
Event: 27.740 Thread 0x00007f82d4c50000 Uncommon trap: reason=unhandled action=none pc=0x00007f8338b3cf84 method=java.net.URLClassLoader.findClass(Ljava/lang/String;)Ljava/lang/Class; @ 44
Event: 27.740 Thread 0x00007f82d4c50000 Uncommon trap: reason=unhandled action=none pc=0x00007f8338b3cf84 method=java.net.URLClassLoader.findClass(Ljava/lang/String;)Ljava/lang/Class; @ 44
Event: 27.741 Thread 0x00007f82d4c50000 Uncommon trap: reason=unhandled action=none pc=0x00007f8338b3cf84 method=java.net.URLClassLoader.findClass(Ljava/lang/String;)Ljava/lang/Class; @ 44
Event: 27.741 Thread 0x00007f82d4c50000 Uncommon trap: reason=unhandled action=none pc=0x00007f8338b3cf84 method=java.net.URLClassLoader.findClass(Ljava/lang/String;)Ljava/lang/Class; @ 44
Event: 27.741 Thread 0x00007f82d4c50000 Uncommon trap: reason=unhandled action=none pc=0x00007f8338b3cf84 method=java.net.URLClassLoader.findClass(Ljava/lang/String;)Ljava/lang/Class; @ 44
Event: 27.742 Thread 0x00007f82d4c50000 Uncommon trap: reason=unhandled action=none pc=0x00007f8338b3cf84 method=java.net.URLClassLoader.findClass(Ljava/lang/String;)Ljava/lang/Class; @ 44
Event: 27.742 Thread 0x00007f82d4c50000 Uncommon trap: reason=unhandled action=none pc=0x00007f8338b3cf84 method=java.net.URLClassLoader.findClass(Ljava/lang/String;)Ljava/lang/Class; @ 44

Internal exceptions (10 events):
Event: 6.827 Thread 0x00007f82dc004800 Exception <a 'java/lang/ClassNotFoundException': > (0x00000000ddf28d58) thrown at [/HUDSON/workspace/8-2-build-linux-amd64/jdk8u92/6642/hotspot/src/share/vm/prims/jni.cpp, line 735]
Event: 6.828 Thread 0x00007f82dc004800 Exception <a 'java/lang/ClassNotFoundException': > (0x00000000ddf30a98) thrown at [/HUDSON/workspace/8-2-build-linux-amd64/jdk8u92/6642/hotspot/src/share/vm/prims/jni.cpp, line 735]
Event: 6.828 Thread 0x00007f82dc004800 Exception <a 'java/lang/ClassNotFoundException': > (0x00000000ddf38780) thrown at [/HUDSON/workspace/8-2-build-linux-amd64/jdk8u92/6642/hotspot/src/share/vm/prims/jni.cpp, line 735]
Event: 6.830 Thread 0x00007f82dc004800 Exception <a 'java/lang/ClassNotFoundException': > (0x00000000ddf40478) thrown at [/HUDSON/workspace/8-2-build-linux-amd64/jdk8u92/6642/hotspot/src/share/vm/prims/jni.cpp, line 735]
Event: 6.831 Thread 0x00007f82dc004800 Exception <a 'java/lang/ClassNotFoundException': > (0x00000000ddf48180) thrown at [/HUDSON/workspace/8-2-build-linux-amd64/jdk8u92/6642/hotspot/src/share/vm/prims/jni.cpp, line 735]
Event: 6.832 Thread 0x00007f82dc004800 Exception <a 'java/lang/ClassNotFoundException': > (0x00000000ddf4fe98) thrown at [/HUDSON/workspace/8-2-build-linux-amd64/jdk8u92/6642/hotspot/src/share/vm/prims/jni.cpp, line 735]
Event: 6.834 Thread 0x00007f82dc004800 Exception <a 'java/lang/ClassNotFoundException': > (0x00000000ddf57bc0) thrown at [/HUDSON/workspace/8-2-build-linux-amd64/jdk8u92/6642/hotspot/src/share/vm/prims/jni.cpp, line 735]
Event: 6.835 Thread 0x00007f82dc004800 Exception <a 'java/lang/ClassNotFoundException': > (0x00000000ddf5f8f8) thrown at [/HUDSON/workspace/8-2-build-linux-amd64/jdk8u92/6642/hotspot/src/share/vm/prims/jni.cpp, line 735]
Event: 6.836 Thread 0x00007f82dc004800 Exception <a 'java/lang/ClassNotFoundException': > (0x00000000ddf676d8) thrown at [/HUDSON/workspace/8-2-build-linux-amd64/jdk8u92/6642/hotspot/src/share/vm/prims/jni.cpp, line 735]
Event: 85.071 Thread 0x00007f82d4c50000 Exception <a 'java/lang/NullPointerException'> (0x00000000d86aa830) thrown at [/HUDSON/workspace/8-2-build-linux-amd64/jdk8u92/6642/hotspot/src/share/vm/interpreter/linkResolver.cpp, line 1178]

Events (10 events):
Event: 165.896 Executing VM operation: EnterInterpOnlyMode
Event: 165.896 Executing nested VM operation: Deoptimize
Event: 165.897 Executing nested VM operation: Deoptimize done
Event: 165.897 Executing VM operation: EnterInterpOnlyMode done
Event: 165.897 Executing VM operation: ChangeSingleStep
Event: 165.897 Executing VM operation: ChangeSingleStep done
Event: 165.897 Executing VM operation: ChangeSingleStep
Event: 165.897 Executing VM operation: ChangeSingleStep done
Event: 165.925 Executing VM operation: RedefineClasses
Event: 165.949 Executing VM operation: RedefineClasses done


Dynamic libraries:
00400000-00401000 r-xp 00000000 08:02 53480140                           /usr/lib/jvm1/jdk1.8.0_92/bin/java
00600000-00601000 rw-p 00000000 08:02 53480140                           /usr/lib/jvm1/jdk1.8.0_92/bin/java
014f7000-01518000 rw-p 00000000 00:00 0                                  [heap]
85000000-89180000 rw-p 00000000 00:00 0 
89180000-d7000000 ---p 00000000 00:00 0 
d7000000-e9d00000 rw-p 00000000 00:00 0 
e9d00000-100000000 ---p 00000000 00:00 0 
100000000-1006a0000 rw-p 00000000 00:00 0 
1006a0000-140000000 ---p 00000000 00:00 0 
7f82b3bea000-7f82b3c6a000 rw-p 00000000 00:00 0 
7f82b3c6a000-7f82b3dea000 ---p 00000000 00:00 0 
7f82b3dea000-7f82b3e00000 r-xp 00000000 08:02 31723911                   /lib/x86_64-linux-gnu/libgcc_s.so.1
7f82b3e00000-7f82b3fff000 ---p 00016000 08:02 31723911                   /lib/x86_64-linux-gnu/libgcc_s.so.1
7f82b3fff000-7f82b4000000 rw-p 00015000 08:02 31723911                   /lib/x86_64-linux-gnu/libgcc_s.so.1
7f82b4000000-7f82b4021000 rw-p 00000000 00:00 0 
7f82b4021000-7f82b8000000 ---p 00000000 00:00 0 
7f82b8000000-7f82b839b000 rw-p 00000000 00:00 0 
7f82b839b000-7f82bc000000 ---p 00000000 00:00 0 
7f82bc000000-7f82bc28e000 rw-p 00000000 00:00 0 
7f82bc28e000-7f82c0000000 ---p 00000000 00:00 0 
7f82c0000000-7f82c0021000 rw-p 00000000 00:00 0 
7f82c0021000-7f82c4000000 ---p 00000000 00:00 0 
7f82c4000000-7f82c4021000 rw-p 00000000 00:00 0 
7f82c4021000-7f82c8000000 ---p 00000000 00:00 0 
7f82c8000000-7f82c8021000 rw-p 00000000 00:00 0 
7f82c8021000-7f82cc000000 ---p 00000000 00:00 0 
7f82cc000000-7f82cc021000 rw-p 00000000 00:00 0 
7f82cc021000-7f82d0000000 ---p 00000000 00:00 0 
7f82d0000000-7f82d0021000 rw-p 00000000 00:00 0 
7f82d0021000-7f82d4000000 ---p 00000000 00:00 0 
7f82d4000000-7f82d572e000 rw-p 00000000 00:00 0 
7f82d572e000-7f82d8000000 ---p 00000000 00:00 0 
7f82d8000000-7f82d845f000 rw-p 00000000 00:00 0 
7f82d845f000-7f82dc000000 ---p 00000000 00:00 0 
7f82dc000000-7f82dc021000 rw-p 00000000 00:00 0 
7f82dc021000-7f82e0000000 ---p 00000000 00:00 0 
7f82e0000000-7f82e0021000 rw-p 00000000 00:00 0 
7f82e0021000-7f82e4000000 ---p 00000000 00:00 0 
7f82e41b6000-7f82e41e8000 r-xp 00000000 08:02 55837057                   /usr/lib/jvm1/jdk1.8.0_92/jre/lib/amd64/libsunec.so
7f82e41e8000-7f82e43e7000 ---p 00032000 08:02 55837057                   /usr/lib/jvm1/jdk1.8.0_92/jre/lib/amd64/libsunec.so
7f82e43e7000-7f82e43ed000 rw-p 00031000 08:02 55837057                   /usr/lib/jvm1/jdk1.8.0_92/jre/lib/amd64/libsunec.so
7f82e43ed000-7f82e45fd000 rw-p 00000000 00:00 0 
7f82e45fd000-7f82e47fd000 rw-p 00000000 00:00 0 
7f82e47fd000-7f82e49fd000 rw-p 00000000 00:00 0 
7f82e49fd000-7f82e4a00000 ---p 00000000 00:00 0 
7f82e4a00000-7f82e4afe000 rw-p 00000000 00:00 0 
7f82e4afe000-7f82e4b01000 ---p 00000000 00:00 0 
7f82e4b01000-7f82e4bff000 rw-p 00000000 00:00 0 
7f82e4bff000-7f82e4c02000 ---p 00000000 00:00 0 
7f82e4c02000-7f82e4d00000 rw-p 00000000 00:00 0 
7f82e4d00000-7f82e4d03000 ---p 00000000 00:00 0 
7f82e4d03000-7f82e4e01000 rw-p 00000000 00:00 0 
7f82e4e01000-7f82e4e04000 ---p 00000000 00:00 0 
7f82e4e04000-7f82e4f02000 rw-p 00000000 00:00 0 
7f82e4f02000-7f82e4f05000 ---p 00000000 00:00 0 
7f82e4f05000-7f82e5003000 rw-p 00000000 00:00 0 
7f82e5003000-7f82e5006000 ---p 00000000 00:00 0 
7f82e5006000-7f82e5104000 rw-p 00000000 00:00 0 
7f82e5104000-7f82e5107000 ---p 00000000 00:00 0 
7f82e5107000-7f82e5205000 rw-p 00000000 00:00 0 
7f82e5205000-7f82e5208000 ---p 00000000 00:00 0 
7f82e5208000-7f82e5306000 rw-p 00000000 00:00 0 
7f82e5306000-7f82e5309000 ---p 00000000 00:00 0 
7f82e5309000-7f82e5407000 rw-p 00000000 00:00 0 
7f82e5407000-7f82e540a000 ---p 00000000 00:00 0 
7f82e540a000-7f82e5508000 rw-p 00000000 00:00 0 
7f82e5508000-7f82e550b000 ---p 00000000 00:00 0 
7f82e550b000-7f82e5609000 rw-p 00000000 00:00 0 
7f82e5609000-7f82e560c000 ---p 00000000 00:00 0 
7f82e560c000-7f82e570a000 rw-p 00000000 00:00 0 
7f82e570a000-7f82e570d000 ---p 00000000 00:00 0 
7f82e570d000-7f82e580b000 rw-p 00000000 00:00 0 
7f82e580b000-7f82e580e000 ---p 00000000 00:00 0 
7f82e580e000-7f82e5b0c000 rw-p 00000000 00:00 0 
7f82e5b0c000-7f82e5b0f000 ---p 00000000 00:00 0 
7f82e5b0f000-7f82e5c0d000 rw-p 00000000 00:00 0 
7f82e5c23000-7f82e5c26000 ---p 00000000 00:00 0 
7f82e5c26000-7f82e5f24000 rw-p 00000000 00:00 0 
7f82e5f24000-7f82e5f27000 ---p 00000000 00:00 0 
7f82e5f27000-7f82e6225000 rw-p 00000000 00:00 0 
7f82e6225000-7f82e6425000 rw-p 00000000 00:00 0 
7f82e6425000-7f82e6625000 rw-p 00000000 00:00 0 
7f82e66fb000-7f82e66fe000 ---p 00000000 00:00 0 
7f82e66fe000-7f82e67fc000 rw-p 00000000 00:00 0 
7f82e67fc000-7f82e67ff000 ---p 00000000 00:00 0 
7f82e67ff000-7f82e68fd000 rw-p 00000000 00:00 0 
7f82e68fd000-7f82e6900000 ---p 00000000 00:00 0 
7f82e6900000-7f82e6bfe000 rw-p 00000000 00:00 0 
7f82e6bfe000-7f82e6dfe000 rw-p 00000000 00:00 0 
7f82e6dfe000-7f82e6ffe000 rw-p 00000000 00:00 0 
7f82e6ffe000-7f82e71fe000 rw-p 00000000 00:00 0 
7f82e71fe000-7f82e73fe000 rw-p 00000000 00:00 0 
7f82e73fe000-7f82e75fe000 rw-p 00000000 00:00 0 
7f82e75fe000-7f82e77fe000 rw-p 00000000 00:00 0 
7f82e77fe000-7f82e79fe000 rw-p 00000000 00:00 0 
7f82e79fe000-7f82e7bfe000 rw-p 00000000 00:00 0 
7f82e7bfe000-7f82e7c01000 ---p 00000000 00:00 0 
7f82e7c01000-7f82e7cff000 rw-p 00000000 00:00 0 
7f82e7cff000-7f82e7d02000 ---p 00000000 00:00 0 
7f82e7d02000-7f82e8000000 rw-p 00000000 00:00 0 
7f82e8000000-7f82e8021000 rw-p 00000000 00:00 0 
7f82e8021000-7f82ec000000 ---p 00000000 00:00 0 
7f82ec000000-7f82ec021000 rw-p 00000000 00:00 0 
7f82ec021000-7f82f0000000 ---p 00000000 00:00 0 
7f82f0000000-7f82f0021000 rw-p 00000000 00:00 0 
7f82f0021000-7f82f4000000 ---p 00000000 00:00 0 
7f82f4000000-7f82f4021000 rw-p 00000000 00:00 0 
7f82f4021000-7f82f8000000 ---p 00000000 00:00 0 
7f82f8000000-7f82fb357000 rw-p 00000000 00:00 0 
7f82fb357000-7f82fc000000 ---p 00000000 00:00 0 
7f82fc000000-7f82fd3ea000 rw-p 00000000 00:00 0 
7f82fd3ea000-7f8300000000 ---p 00000000 00:00 0 
7f8300000000-7f8300021000 rw-p 00000000 00:00 0 
7f8300021000-7f8304000000 ---p 00000000 00:00 0 
7f8304000000-7f830713d000 rw-p 00000000 00:00 0 
7f830713d000-7f8308000000 ---p 00000000 00:00 0 
7f8308000000-7f83082d0000 rw-p 00000000 00:00 0 
7f83082d0000-7f830c000000 ---p 00000000 00:00 0 
7f830c000000-7f830c021000 rw-p 00000000 00:00 0 
7f830c021000-7f8310000000 ---p 00000000 00:00 0 
7f8310000000-7f8310021000 rw-p 00000000 00:00 0 
7f8310021000-7f8314000000 ---p 00000000 00:00 0 
7f8314000000-7f8314021000 rw-p 00000000 00:00 0 
7f8314021000-7f8318000000 ---p 00000000 00:00 0 
7f8318000000-7f8318021000 rw-p 00000000 00:00 0 
7f8318021000-7f831c000000 ---p 00000000 00:00 0 
7f831c07e000-7f831c081000 ---p 00000000 00:00 0 
7f831c081000-7f831c17f000 rw-p 00000000 00:00 0 
7f831c17f000-7f831c180000 ---p 00000000 00:00 0 
7f831c180000-7f8320000000 rw-p 00000000 00:00 0 
7f8320000000-7f8320021000 rw-p 00000000 00:00 0 
7f8320021000-7f8324000000 ---p 00000000 00:00 0 
7f8324000000-7f8324021000 rw-p 00000000 00:00 0 
7f8324021000-7f8328000000 ---p 00000000 00:00 0 
7f8328000000-7f8328021000 rw-p 00000000 00:00 0 
7f8328021000-7f832c000000 ---p 00000000 00:00 0 
7f832c000000-7f832c021000 rw-p 00000000 00:00 0 
7f832c021000-7f8330000000 ---p 00000000 00:00 0 
7f8330000000-7f8330021000 rw-p 00000000 00:00 0 
7f8330021000-7f8334000000 ---p 00000000 00:00 0 
7f8334003000-7f8334006000 rw-p 00000000 00:00 0 
7f8334006000-7f833400c000 r--s 0003f000 08:02 55707162                   /usr/lib/jvm1/jdk1.8.0_92/jre/lib/ext/sunjce_provider.jar
7f833400c000-7f833400d000 r--s 00009000 08:02 55707045                   /usr/lib/jvm1/jdk1.8.0_92/jre/lib/ext/sunec.jar
7f833400d000-7f8334012000 r--s 002f9000 08:02 55445151                   /usr/lib/jvm1/jdk1.8.0_92/jre/lib/charsets.jar
7f8334012000-7f8334015000 r--s 0001a000 08:02 55445164                   /usr/lib/jvm1/jdk1.8.0_92/jre/lib/jce.jar
7f8334015000-7f83340ab000 r--s 01102000 08:02 55707048                   /usr/lib/jvm1/jdk1.8.0_92/jre/lib/ext/jfxrt.jar
7f83340ab000-7f83340ae000 ---p 00000000 00:00 0 
7f83340ae000-7f83341ac000 rw-p 00000000 00:00 0 
7f83341ac000-7f83341af000 ---p 00000000 00:00 0 
7f83341af000-7f83342ad000 rw-p 00000000 00:00 0 
7f83342ad000-7f83342b0000 ---p 00000000 00:00 0 
7f83342b0000-7f83343ae000 rw-p 00000000 00:00 0 
7f83343ae000-7f83343b2000 r--s 00097000 08:02 55445158                   /usr/lib/jvm1/jdk1.8.0_92/jre/lib/jsse.jar
7f83343b2000-7f83343b3000 r--s 00005000 08:02 59252276                   /home/raviteja/.m2/repository/org/springframework/spring-jcl/5.2.4.RELEASE/spring-jcl-5.2.4.RELEASE.jar
7f83343b3000-7f83343cf000 r--s 00145000 08:02 59252274                   /home/raviteja/.m2/repository/org/springframework/spring-core/5.2.4.RELEASE/spring-core-5.2.4.RELEASE.jar
7f83343cf000-7f8334417000 r--s 002eb000 08:02 59646620                   /home/raviteja/.m2/repository/net/bytebuddy/byte-buddy/1.10.8/byte-buddy-1.10.8.jar
7f8334417000-7f8334418000 r--s 0000f000 08:02 59637935                   /home/raviteja/.m2/repository/org/json/json/20180813/json-20180813.jar
7f8334418000-7f833441a000 r--s 00005000 08:02 55575785                   /home/raviteja/.m2/repository/com/posidex/prime360corecleaning/1.0/prime360corecleaning-1.0.jar
7f833441a000-7f8334423000 r--s 0006f000 08:02 55574961                   /home/raviteja/.m2/repository/log4j/log4j/1.2.17/log4j-1.2.17.jar
7f8334423000-7f8334429000 r--s 00033000 08:02 55444981                   /home/raviteja/.m2/repository/com/google/code/gson/gson/2.6.2/gson-2.6.2.jar
7f8334429000-7f833442c000 r--s 00030000 08:02 58986089                   /home/raviteja/.m2/repository/org/apache/commons/commons-dbcp2/2.7.0/commons-dbcp2-2.7.0.jar
7f833442c000-7f833442f000 r--s 0001d000 08:02 58986548                   /home/raviteja/.m2/repository/org/apache/commons/commons-pool2/2.7.0/commons-pool2-2.7.0.jar
7f833442f000-7f8334431000 r--s 00002000 08:02 56889048                   /home/raviteja/.m2/repository/org/apache/geronimo/specs/geronimo-jta_1.0.1B_spec/1.0.1/geronimo-jta_1.0.1B_spec-1.0.1.jar
7f8334431000-7f8334432000 r--s 00003000 08:02 2367767                    /home/raviteja/.m2/repository/org/apache/geronimo/specs/geronimo-jta_1.1_spec/1.1.1/geronimo-jta_1.1_spec-1.1.1.jar
7f8334432000-7f8334434000 r--s 0000b000 08:02 2367765                    /home/raviteja/.m2/repository/org/apache/activemq/activemq-jms-pool/5.15.11/activemq-jms-pool-5.15.11.jar
7f8334434000-7f8334436000 r--s 00004000 08:02 56889617                   /home/raviteja/.m2/repository/org/apache/activemq/activemq-pool/5.15.4/activemq-pool-5.15.4.jar
7f8334436000-7f833443b000 r--s 00051000 08:02 22414510                   /home/raviteja/.m2/repository/com/fasterxml/jackson/core/jackson-core/2.10.2/jackson-core-2.10.2.jar
7f833443b000-7f833443e000 r--s 0000e000 08:02 22414508                   /home/raviteja/.m2/repository/com/fasterxml/jackson/core/jackson-annotations/2.10.2/jackson-annotations-2.10.2.jar
7f833443e000-7f8334453000 r--s 00142000 08:02 22414506                   /home/raviteja/.m2/repository/com/fasterxml/jackson/core/jackson-databind/2.10.2/jackson-databind-2.10.2.jar
7f8334453000-7f8334460000 r--s 0009b000 08:02 55975672                   /home/raviteja/.m2/repository/org/apache/activemq/activemq-openwire-legacy/5.15.11/activemq-openwire-legacy-5.15.11.jar
7f8334460000-7f8334462000 r--s 00003000 08:02 54395463                   /home/raviteja/.m2/repository/org/apache/geronimo/specs/geronimo-j2ee-management_1.1_spec/1.0.1/geronimo-j2ee-management_1.1_spec-1.0.1.jar
7f8334462000-7f8334464000 r--s 0000b000 08:02 54395461                   /home/raviteja/.m2/repository/org/fusesource/hawtbuf/hawtbuf/1.11/hawtbuf-1.11.jar
7f8334464000-7f8334466000 r--s 00006000 08:02 54790197                   /home/raviteja/.m2/repository/org/apache/geronimo/specs/geronimo-jms_1.1_spec/1.1.1/geronimo-jms_1.1_spec-1.1.1.jar
7f8334466000-7f833447f000 r--s 00145000 08:02 55975670                   /home/raviteja/.m2/repository/org/apache/activemq/activemq-client/5.15.11/activemq-client-5.15.11.jar
7f833447f000-7f8334492000 r--s 00110000 08:02 55842672                   /home/raviteja/.m2/repository/org/apache/activemq/activemq-broker/5.15.11/activemq-broker-5.15.11.jar
7f8334492000-7f8334493000 r--s 0041e000 08:02 55444877                   /home/raviteja/.m2/repository/io/springfox/springfox-swagger-ui/2.8.0/springfox-swagger-ui-2.8.0.jar
7f8334493000-7f8334495000 r--s 00004000 08:02 55314889                   /home/raviteja/.m2/repository/org/mapstruct/mapstruct/1.2.0.Final/mapstruct-1.2.0.Final.jar
7f8334495000-7f8334497000 r--s 00000000 08:02 55184764                   /home/raviteja/.m2/repository/org/springframework/plugin/spring-plugin-metadata/1.2.0.RELEASE/spring-plugin-metadata-1.2.0.RELEASE.jar
7f8334497000-7f8334498000 r--s 00004000 08:02 55052486                   /home/raviteja/.m2/repository/org/springframework/plugin/spring-plugin-core/1.2.0.RELEASE/spring-plugin-core-1.2.0.RELEASE.jar
7f8334498000-7f833449a000 r--s 00009000 08:02 22414534                   /home/raviteja/.m2/repository/org/slf4j/slf4j-api/1.7.30/slf4j-api-1.7.30.jar
7f833449a000-7f833449c000 r--s 0000f000 08:02 60167132                   /home/raviteja/.m2/repository/com/fasterxml/classmate/1.5.1/classmate-1.5.1.jar
7f833449c000-7f83344cb000 r--s 00226000 08:02 54922011                   /home/raviteja/.m2/repository/com/google/guava/guava/20.0/guava-20.0.jar
7f83344cb000-7f83344d5000 r--s 000aa000 08:02 55314887                   /home/raviteja/.m2/repository/org/javassist/javassist/3.21.0-GA/javassist-3.21.0-GA.jar
7f83344d5000-7f83344d8000 r--s 0001d000 08:02 55314881                   /home/raviteja/.m2/repository/org/reflections/reflections/0.9.11/reflections-0.9.11.jar
7f83344d8000-7f83344dd000 r--s 00027000 08:02 55184762                   /home/raviteja/.m2/repository/io/springfox/springfox-spring-web/2.8.0/springfox-spring-web-2.8.0.jar
7f83344dd000-7f83344e0000 r--s 00015000 08:02 55184760                   /home/raviteja/.m2/repository/io/springfox/springfox-swagger-common/2.8.0/springfox-swagger-common-2.8.0.jar
7f83344e0000-7f83344e3000 r--s 00011000 08:02 55184758                   /home/raviteja/.m2/repository/io/springfox/springfox-schema/2.8.0/springfox-schema-2.8.0.jar
7f83344e3000-7f83344e7000 r--s 00018000 08:02 54919980                   /home/raviteja/.m2/repository/io/springfox/springfox-core/2.8.0/springfox-core-2.8.0.jar
7f83344e7000-7f83344ea000 r--s 0000a000 08:02 54919978                   /home/raviteja/.m2/repository/io/springfox/springfox-spi/2.8.0/springfox-spi-2.8.0.jar
7f83344ea000-7f83344ee000 r--s 00020000 08:02 54919976                   /home/raviteja/.m2/repository/io/swagger/swagger-models/1.5.14/swagger-models-1.5.14.jar
7f83344ee000-7f83344f0000 r--s 00004000 08:02 54919974                   /home/raviteja/.m2/repository/io/swagger/swagger-annotations/1.5.14/swagger-annotations-1.5.14.jar
7f83344f0000-7f83344f2000 r--s 0000e000 08:02 54919972                   /home/raviteja/.m2/repository/io/springfox/springfox-swagger2/2.8.0/springfox-swagger2-2.8.0.jar
7f83344f2000-7f833450a000 r--s 0019f000 08:02 11016304                   /home/raviteja/.m2/repository/org/projectlombok/lombok/1.18.12/lombok-1.18.12.jar
7f833450a000-7f8334523000 r--s 00227000 08:02 59776559                   /home/raviteja/.m2/repository/mysql/mysql-connector-java/8.0.19/mysql-connector-java-8.0.19.jar
7f8334523000-7f8334528000 r--s 0003c000 08:02 59776546                   /home/raviteja/.m2/repository/org/apache/tomcat/embed/tomcat-embed-websocket/9.0.31/tomcat-embed-websocket-9.0.31.jar
7f8334528000-7f833452c000 r--s 0003a000 08:02 59776544                   /home/raviteja/.m2/repository/org/apache/tomcat/embed/tomcat-embed-el/9.0.31/tomcat-embed-el-9.0.31.jar
7f833452c000-7f8334557000 r--s 00304000 08:02 59776542                   /home/raviteja/.m2/repository/org/apache/tomcat/embed/tomcat-embed-core/9.0.31/tomcat-embed-core-9.0.31.jar
7f8334557000-7f8334559000 r--s 00005000 08:02 10623202                   /home/raviteja/.m2/repository/jakarta/annotation/jakarta.annotation-api/1.3.5/jakarta.annotation-api-1.3.5.jar
7f8334559000-7f833455a000 r--s 00000000 08:02 59776540                   /home/raviteja/.m2/repository/org/springframework/boot/spring-boot-starter-tomcat/2.2.5.RELEASE/spring-boot-starter-tomcat-2.2.5.RELEASE.jar
7f833455a000-7f8334582000 r--s 0012c000 08:02 59383462                   /home/raviteja/.m2/repository/org/springframework/boot/spring-boot-autoconfigure/2.2.5.RELEASE/spring-boot-autoconfigure-2.2.5.RELEASE.jar
7f8334582000-7f8334599000 r--s 000e9000 08:02 59252272                   /home/raviteja/.m2/repository/org/springframework/boot/spring-boot/2.2.5.RELEASE/spring-boot-2.2.5.RELEASE.jar
7f8334599000-7f833459f000 r--s 00030000 08:02 59776557                   /home/raviteja/.m2/repository/org/springframework/boot/spring-boot-devtools/2.2.5.RELEASE/spring-boot-devtools-2.2.5.RELEASE.jar
7f833459f000-7f83345a4000 r--s 00040000 08:02 59383460                   /home/raviteja/.m2/repository/org/springframework/spring-expression/5.2.4.RELEASE/spring-expression-5.2.4.RELEASE.jar
7f83345a4000-7f83345c0000 r--s 0010f000 08:02 59252270                   /home/raviteja/.m2/repository/org/springframework/spring-context/5.2.4.RELEASE/spring-context-5.2.4.RELEASE.jar
7f83345c0000-7f83345ca000 r--s 00052000 08:02 59252268                   /home/raviteja/.m2/repository/org/springframework/spring-aop/5.2.4.RELEASE/spring-aop-5.2.4.RELEASE.jar
7f83345ca000-7f83345dc000 r--s 000d6000 08:02 59776555                   /home/raviteja/.m2/repository/org/springframework/spring-webmvc/5.2.4.RELEASE/spring-webmvc-5.2.4.RELEASE.jar
7f83345dc000-7f83345f9000 r--s 00142000 08:02 59776548                   /home/raviteja/.m2/repository/org/springframework/spring-web/5.2.4.RELEASE/spring-web-5.2.4.RELEASE.jar
7f83345f9000-7f83345fb000 r--s 0000d000 08:02 10883608                   /home/raviteja/.m2/repository/org/jboss/logging/jboss-logging/3.4.1.Final/jboss-logging-3.4.1.Final.jar
7f83345fb000-7f8334618000 r--s 000fe000 08:02 60167130                   /home/raviteja/.m2/repository/org/hibernate/validator/hibernate-validator/6.0.18.Final/hibernate-validator-6.0.18.Final.jar
7f8334618000-7f833461d000 r--s 00012000 08:02 15074322                   /home/raviteja/.m2/repository/jakarta/validation/jakarta.validation-api/2.0.2/jakarta.validation-api-2.0.2.jar
7f833461d000-7f833461e000 r--s 00000000 08:02 10884351                   /home/raviteja/.m2/repository/org/springframework/boot/spring-boot-starter-validation/2.2.5.RELEASE/spring-boot-starter-validation-2.2.5.RELEASE.jar
7f833461e000-7f8334620000 r--s 00001000 08:02 4854316                    /home/raviteja/.m2/repository/com/fasterxml/jackson/module/jackson-module-parameter-names/2.10.2/jackson-module-parameter-names-2.10.2.jar
7f8334620000-7f8334623000 r--s 00017000 08:02 4854314                    /home/raviteja/.m2/repository/com/fasterxml/jackson/datatype/jackson-datatype-jsr310/2.10.2/jackson-datatype-jsr310-2.10.2.jar
7f8334623000-7f8334625000 r--s 00007000 08:02 4854312                    /home/raviteja/.m2/repository/com/fasterxml/jackson/datatype/jackson-datatype-jdk8/2.10.2/jackson-datatype-jdk8-2.10.2.jar
7f8334625000-7f8334626000 r--s 00000000 08:02 59776538                   /home/raviteja/.m2/repository/org/springframework/boot/spring-boot-starter-json/2.2.5.RELEASE/spring-boot-starter-json-2.2.5.RELEASE.jar
7f8334626000-7f8334627000 r--s 00000000 08:02 59776536                   /home/raviteja/.m2/repository/org/springframework/boot/spring-boot-starter-web/2.2.5.RELEASE/spring-boot-starter-web-2.2.5.RELEASE.jar
7f8334627000-7f8334631000 r--s 0005a000 08:02 59383458                   /home/raviteja/.m2/repository/org/springframework/spring-jdbc/5.2.4.RELEASE/spring-jdbc-5.2.4.RELEASE.jar
7f8334631000-7f8334634000 r--s 00023000 08:02 22414504                   /home/raviteja/.m2/repository/com/zaxxer/HikariCP/3.4.2/HikariCP-3.4.2.jar
7f8334634000-7f8334636000 r--s 00009000 08:02 59383450                   /home/raviteja/.m2/repository/jakarta/json/jakarta.json-api/1.1.6/jakarta.json-api-1.1.6.jar
7f8334636000-7f8334638000 r--s 00018000 08:02 60167612                   /home/raviteja/.m2/repository/org/apache/activemq/artemis-selector/2.10.1/artemis-selector-2.10.1.jar
7f8334638000-7f8334645000 r--s 00089000 08:02 59904981                   /home/raviteja/.m2/repository/io/netty/netty-common/4.1.45.Final/netty-common-4.1.45.Final.jar
7f8334645000-7f833464b000 r--s 00048000 08:02 59904979                   /home/raviteja/.m2/repository/io/netty/netty-codec/4.1.45.Final/netty-codec-4.1.45.Final.jar
7f833464b000-7f8334653000 r--s 00066000 08:02 59904977                   /home/raviteja/.m2/repository/io/netty/netty-handler/4.1.45.Final/netty-handler-4.1.45.Final.jar
7f8334653000-7f8334655000 r--s 00007000 08:02 59904975                   /home/raviteja/.m2/repository/io/netty/netty-resolver/4.1.45.Final/netty-resolver-4.1.45.Final.jar
7f8334655000-7f833465f000 r--s 0006a000 08:02 59904973                   /home/raviteja/.m2/repository/io/netty/netty-transport/4.1.45.Final/netty-transport-4.1.45.Final.jar
7f833465f000-7f8334662000 r--s 00041000 08:02 59904971                   /home/raviteja/.m2/repository/io/netty/netty-buffer/4.1.45.Final/netty-buffer-4.1.45.Final.jar
7f8334662000-7f833466d000 r--s 0008a000 08:02 60167610                   /home/raviteja/.m2/repository/io/netty/netty-codec-http/4.1.45.Final/netty-codec-http-4.1.45.Final.jar
7f833466d000-7f833466f000 r--s 00019000 08:02 60167608                   /home/raviteja/.m2/repository/io/netty/netty-transport-native-kqueue/4.1.45.Final/netty-transport-native-kqueue-4.1.45.Final-osx-x86_64.jar
7f833466f000-7f8334673000 r--s 0001e000 08:02 59904969                   /home/raviteja/.m2/repository/org/apache/johnzon/johnzon-core/1.2.3/johnzon-core-1.2.3.jar
7f8334673000-7f8334680000 r--s 00083000 08:02 59901711                   /home/raviteja/.m2/repository/commons-collections/commons-collections/3.2.2/commons-collections-3.2.2.jar
7f8334680000-7f8334685000 r--s 00038000 08:02 59904967                   /home/raviteja/.m2/repository/commons-beanutils/commons-beanutils/1.9.4/commons-beanutils-1.9.4.jar
7f8334685000-7f833468e000 r--s 00051000 08:02 59904965                   /home/raviteja/.m2/repository/org/apache/activemq/artemis-commons/2.10.1/artemis-commons-2.10.1.jar
7f833468e000-7f83346a8000 r--s 00249000 08:02 59901705                   /home/raviteja/.m2/repository/org/jgroups/jgroups/3.6.13.Final/jgroups-3.6.13.Final.jar
7f83346a8000-7f83346b6000 r--s 000a6000 08:02 59904963                   /home/raviteja/.m2/repository/org/apache/activemq/artemis-core-client/2.10.1/artemis-core-client-2.10.1.jar
7f83346b6000-7f83346ba000 r--s 0002b000 08:02 59904961                   /home/raviteja/.m2/repository/org/apache/activemq/artemis-jms-client/2.10.1/artemis-jms-client-2.10.1.jar
7f83346ba000-7f83346c3000 r--s 00044000 08:02 59383446                   /home/raviteja/.m2/repository/org/springframework/spring-tx/5.2.4.RELEASE/spring-tx-5.2.4.RELEASE.jar
7f83346c3000-7f83346cf000 r--s 00079000 08:02 59383444                   /home/raviteja/.m2/repository/org/springframework/spring-messaging/5.2.4.RELEASE/spring-messaging-5.2.4.RELEASE.jar
7f83346cf000-7f83346dc000 r--s 0009b000 08:02 59252266                   /home/raviteja/.m2/repository/org/springframework/spring-beans/5.2.4.RELEASE/spring-beans-5.2.4.RELEASE.jar
7f83346dc000-7f83346e2000 r--s 0003a000 08:02 59383442                   /home/raviteja/.m2/repository/org/springframework/spring-jms/5.2.4.RELEASE/spring-jms-5.2.4.RELEASE.jar
7f83346e2000-7f83346e9000 r--s 00044000 08:02 10623204                   /home/raviteja/.m2/repository/org/yaml/snakeyaml/1.25/snakeyaml-1.25.jar
7f83346e9000-7f83346fa000 r-xp 00000000 08:02 55837262                   /usr/lib/jvm1/jdk1.8.0_92/jre/lib/amd64/libnio.so
7f83346fa000-7f83348f9000 ---p 00011000 08:02 55837262                   /usr/lib/jvm1/jdk1.8.0_92/jre/lib/amd64/libnio.so
7f83348f9000-7f83348fa000 rw-p 00010000 08:02 55837262                   /usr/lib/jvm1/jdk1.8.0_92/jre/lib/amd64/libnio.so
7f83348fa000-7f833492b000 rw-p 00000000 00:00 0 
7f833492b000-7f8334941000 r-xp 00000000 08:02 55837253                   /usr/lib/jvm1/jdk1.8.0_92/jre/lib/amd64/libnet.so
7f8334941000-7f8334b41000 ---p 00016000 08:02 55837253                   /usr/lib/jvm1/jdk1.8.0_92/jre/lib/amd64/libnet.so
7f8334b41000-7f8334b42000 rw-p 00016000 08:02 55837253                   /usr/lib/jvm1/jdk1.8.0_92/jre/lib/amd64/libnet.so
7f8334b42000-7f8334b4b000 r-xp 00000000 08:02 55837268                   /usr/lib/jvm1/jdk1.8.0_92/jre/lib/amd64/libmanagement.so
7f8334b4b000-7f8334d4a000 ---p 00009000 08:02 55837268                   /usr/lib/jvm1/jdk1.8.0_92/jre/lib/amd64/libmanagement.so
7f8334d4a000-7f8334d4b000 rw-p 00008000 08:02 55837268                   /usr/lib/jvm1/jdk1.8.0_92/jre/lib/amd64/libmanagement.so
7f8334d4b000-7f8334d4e000 ---p 00000000 00:00 0 
7f8334d4e000-7f8334e4c000 rw-p 00000000 00:00 0 
7f8334e4c000-7f8334e4f000 ---p 00000000 00:00 0 
7f8334e4f000-7f8334f4d000 rw-p 00000000 00:00 0 
7f8334f4d000-7f8334f50000 ---p 00000000 00:00 0 
7f8334f50000-7f833504e000 rw-p 00000000 00:00 0 
7f833504e000-7f8335051000 ---p 00000000 00:00 0 
7f8335051000-7f833514f000 rw-p 00000000 00:00 0 
7f833514f000-7f8335152000 ---p 00000000 00:00 0 
7f8335152000-7f8335250000 rw-p 00000000 00:00 0 
7f8335250000-7f8335253000 ---p 00000000 00:00 0 
7f8335253000-7f8335351000 rw-p 00000000 00:00 0 
7f8335351000-7f8335354000 ---p 00000000 00:00 0 
7f8335354000-7f8335452000 rw-p 00000000 00:00 0 
7f8335452000-7f8335456000 r-xp 00000000 08:02 55837081                   /usr/lib/jvm1/jdk1.8.0_92/jre/lib/amd64/libdt_socket.so
7f8335456000-7f8335655000 ---p 00004000 08:02 55837081                   /usr/lib/jvm1/jdk1.8.0_92/jre/lib/amd64/libdt_socket.so
7f8335655000-7f8335656000 rw-p 00003000 08:02 55837081                   /usr/lib/jvm1/jdk1.8.0_92/jre/lib/amd64/libdt_socket.so
7f8335656000-7f8335659000 ---p 00000000 00:00 0 
7f8335659000-7f8335757000 rw-p 00000000 00:00 0 
7f8335757000-7f833575a000 ---p 00000000 00:00 0 
7f833575a000-7f8335858000 rw-p 00000000 00:00 0 
7f8335858000-7f833585b000 ---p 00000000 00:00 0 
7f833585b000-7f8335959000 rw-p 00000000 00:00 0 
7f8335959000-7f833595a000 ---p 00000000 00:00 0 
7f833595a000-7f83369cc000 rw-p 00000000 00:00 0 
7f83369cc000-7f8336ba5000 r--s 03d24000 08:02 55445153                   /usr/lib/jvm1/jdk1.8.0_92/jre/lib/rt.jar
7f8336ba5000-7f833777d000 rw-p 00000000 00:00 0 
7f833777d000-7f833777e000 ---p 00000000 00:00 0 
7f833777e000-7f833787e000 rw-p 00000000 00:00 0 
7f833787e000-7f833787f000 ---p 00000000 00:00 0 
7f833787f000-7f833797f000 rw-p 00000000 00:00 0 
7f833797f000-7f8337980000 ---p 00000000 00:00 0 
7f8337980000-7f8337a80000 rw-p 00000000 00:00 0 
7f8337a80000-7f8337a81000 ---p 00000000 00:00 0 
7f8337a81000-7f8337ba2000 rw-p 00000000 00:00 0 
7f8337ba2000-7f8337e11000 ---p 00000000 00:00 0 
7f8337e11000-7f8337e32000 rw-p 00000000 00:00 0 
7f8337e32000-7f83380a1000 ---p 00000000 00:00 0 
7f83380a1000-7f8338138000 rw-p 00000000 00:00 0 
7f8338138000-7f83381e9000 ---p 00000000 00:00 0 
7f83381e9000-7f8338223000 rw-p 00000000 00:00 0 
7f8338223000-7f83385aa000 ---p 00000000 00:00 0 
7f83385aa000-7f83393ca000 rwxp 00000000 00:00 0 
7f83393ca000-7f83475aa000 ---p 00000000 00:00 0 
7f83475aa000-7f83475c4000 r-xp 00000000 08:02 55837235                   /usr/lib/jvm1/jdk1.8.0_92/jre/lib/amd64/libzip.so
7f83475c4000-7f83477c4000 ---p 0001a000 08:02 55837235                   /usr/lib/jvm1/jdk1.8.0_92/jre/lib/amd64/libzip.so
7f83477c4000-7f83477c5000 rw-p 0001a000 08:02 55837235                   /usr/lib/jvm1/jdk1.8.0_92/jre/lib/amd64/libzip.so
7f83477c5000-7f83477cf000 r-xp 00000000 08:02 31719620                   /lib/x86_64-linux-gnu/libnss_files-2.19.so
7f83477cf000-7f83479ce000 ---p 0000a000 08:02 31719620                   /lib/x86_64-linux-gnu/libnss_files-2.19.so
7f83479ce000-7f83479cf000 r--p 00009000 08:02 31719620                   /lib/x86_64-linux-gnu/libnss_files-2.19.so
7f83479cf000-7f83479d0000 rw-p 0000a000 08:02 31719620                   /lib/x86_64-linux-gnu/libnss_files-2.19.so
7f83479d0000-7f83479db000 r-xp 00000000 08:02 31719608                   /lib/x86_64-linux-gnu/libnss_nis-2.19.so
7f83479db000-7f8347bda000 ---p 0000b000 08:02 31719608                   /lib/x86_64-linux-gnu/libnss_nis-2.19.so
7f8347bda000-7f8347bdb000 r--p 0000a000 08:02 31719608                   /lib/x86_64-linux-gnu/libnss_nis-2.19.so
7f8347bdb000-7f8347bdc000 rw-p 0000b000 08:02 31719608                   /lib/x86_64-linux-gnu/libnss_nis-2.19.so
7f8347bdc000-7f8347bf3000 r-xp 00000000 08:02 31719624                   /lib/x86_64-linux-gnu/libnsl-2.19.so
7f8347bf3000-7f8347df2000 ---p 00017000 08:02 31719624                   /lib/x86_64-linux-gnu/libnsl-2.19.so
7f8347df2000-7f8347df3000 r--p 00016000 08:02 31719624                   /lib/x86_64-linux-gnu/libnsl-2.19.so
7f8347df3000-7f8347df4000 rw-p 00017000 08:02 31719624                   /lib/x86_64-linux-gnu/libnsl-2.19.so
7f8347df4000-7f8347df6000 rw-p 00000000 00:00 0 
7f8347df6000-7f8347dff000 r-xp 00000000 08:02 31719623                   /lib/x86_64-linux-gnu/libnss_compat-2.19.so
7f8347dff000-7f8347ffe000 ---p 00009000 08:02 31719623                   /lib/x86_64-linux-gnu/libnss_compat-2.19.so
7f8347ffe000-7f8347fff000 r--p 00008000 08:02 31719623                   /lib/x86_64-linux-gnu/libnss_compat-2.19.so
7f8347fff000-7f8348000000 rw-p 00009000 08:02 31719623                   /lib/x86_64-linux-gnu/libnss_compat-2.19.so
7f8348000000-7f8348937000 rw-p 00000000 00:00 0 
7f8348937000-7f834c000000 ---p 00000000 00:00 0 
7f834c000000-7f834c001000 r--s 00000000 08:02 59383456                   /home/raviteja/.m2/repository/org/springframework/boot/spring-boot-starter-jdbc/2.2.5.RELEASE/spring-boot-starter-jdbc-2.2.5.RELEASE.jar
7f834c001000-7f834c003000 r--s 00007000 08:02 60167606                   /home/raviteja/.m2/repository/io/netty/netty-transport-native-unix-common/4.1.45.Final/netty-transport-native-unix-common-4.1.45.Final.jar
7f834c003000-7f834c0e9000 rw-p 00000000 00:00 0 
7f834c0e9000-7f834c7cb000 r--p 00000000 08:02 16783864                   /usr/lib/locale/locale-archive
7f834c7cb000-7f834c7cd000 r-xp 00000000 08:02 55837082                   /usr/lib/jvm1/jdk1.8.0_92/jre/lib/amd64/libnpt.so
7f834c7cd000-7f834c9cd000 ---p 00002000 08:02 55837082                   /usr/lib/jvm1/jdk1.8.0_92/jre/lib/amd64/libnpt.so
7f834c9cd000-7f834c9ce000 rw-p 00002000 08:02 55837082                   /usr/lib/jvm1/jdk1.8.0_92/jre/lib/amd64/libnpt.so
7f834c9ce000-7f834ca07000 r-xp 00000000 08:02 55837107                   /usr/lib/jvm1/jdk1.8.0_92/jre/lib/amd64/libjdwp.so
7f834ca07000-7f834cc06000 ---p 00039000 08:02 55837107                   /usr/lib/jvm1/jdk1.8.0_92/jre/lib/amd64/libjdwp.so
7f834cc06000-7f834cc08000 rw-p 00038000 08:02 55837107                   /usr/lib/jvm1/jdk1.8.0_92/jre/lib/amd64/libjdwp.so
7f834cc08000-7f834cc32000 r-xp 00000000 08:02 55837175                   /usr/lib/jvm1/jdk1.8.0_92/jre/lib/amd64/libjava.so
7f834cc32000-7f834ce32000 ---p 0002a000 08:02 55837175                   /usr/lib/jvm1/jdk1.8.0_92/jre/lib/amd64/libjava.so
7f834ce32000-7f834ce34000 rw-p 0002a000 08:02 55837175                   /usr/lib/jvm1/jdk1.8.0_92/jre/lib/amd64/libjava.so
7f834ce34000-7f834ce41000 r-xp 00000000 08:02 55837215                   /usr/lib/jvm1/jdk1.8.0_92/jre/lib/amd64/libverify.so
7f834ce41000-7f834d041000 ---p 0000d000 08:02 55837215                   /usr/lib/jvm1/jdk1.8.0_92/jre/lib/amd64/libverify.so
7f834d041000-7f834d043000 rw-p 0000d000 08:02 55837215                   /usr/lib/jvm1/jdk1.8.0_92/jre/lib/amd64/libverify.so
7f834d043000-7f834d04a000 r-xp 00000000 08:02 31719621                   /lib/x86_64-linux-gnu/librt-2.19.so
7f834d04a000-7f834d249000 ---p 00007000 08:02 31719621                   /lib/x86_64-linux-gnu/librt-2.19.so
7f834d249000-7f834d24a000 r--p 00006000 08:02 31719621                   /lib/x86_64-linux-gnu/librt-2.19.so
7f834d24a000-7f834d24b000 rw-p 00007000 08:02 31719621                   /lib/x86_64-linux-gnu/librt-2.19.so
7f834d24b000-7f834d350000 r-xp 00000000 08:02 31719606                   /lib/x86_64-linux-gnu/libm-2.19.so
7f834d350000-7f834d54f000 ---p 00105000 08:02 31719606                   /lib/x86_64-linux-gnu/libm-2.19.so
7f834d54f000-7f834d550000 r--p 00104000 08:02 31719606                   /lib/x86_64-linux-gnu/libm-2.19.so
7f834d550000-7f834d551000 rw-p 00105000 08:02 31719606                   /lib/x86_64-linux-gnu/libm-2.19.so
7f834d551000-7f834e214000 r-xp 00000000 08:02 55837094                   /usr/lib/jvm1/jdk1.8.0_92/jre/lib/amd64/server/libjvm.so
7f834e214000-7f834e413000 ---p 00cc3000 08:02 55837094                   /usr/lib/jvm1/jdk1.8.0_92/jre/lib/amd64/server/libjvm.so
7f834e413000-7f834e4ec000 rw-p 00cc2000 08:02 55837094                   /usr/lib/jvm1/jdk1.8.0_92/jre/lib/amd64/server/libjvm.so
7f834e4ec000-7f834e537000 rw-p 00000000 00:00 0 
7f834e537000-7f834e6f5000 r-xp 00000000 08:02 31719619                   /lib/x86_64-linux-gnu/libc-2.19.so
7f834e6f5000-7f834e8f5000 ---p 001be000 08:02 31719619                   /lib/x86_64-linux-gnu/libc-2.19.so
7f834e8f5000-7f834e8f9000 r--p 001be000 08:02 31719619                   /lib/x86_64-linux-gnu/libc-2.19.so
7f834e8f9000-7f834e8fb000 rw-p 001c2000 08:02 31719619                   /lib/x86_64-linux-gnu/libc-2.19.so
7f834e8fb000-7f834e900000 rw-p 00000000 00:00 0 
7f834e900000-7f834e903000 r-xp 00000000 08:02 31719610                   /lib/x86_64-linux-gnu/libdl-2.19.so
7f834e903000-7f834eb02000 ---p 00003000 08:02 31719610                   /lib/x86_64-linux-gnu/libdl-2.19.so
7f834eb02000-7f834eb03000 r--p 00002000 08:02 31719610                   /lib/x86_64-linux-gnu/libdl-2.19.so
7f834eb03000-7f834eb04000 rw-p 00003000 08:02 31719610                   /lib/x86_64-linux-gnu/libdl-2.19.so
7f834eb04000-7f834eb19000 r-xp 00000000 08:02 55314853                   /usr/lib/jvm1/jdk1.8.0_92/lib/amd64/jli/libjli.so
7f834eb19000-7f834ed19000 ---p 00015000 08:02 55314853                   /usr/lib/jvm1/jdk1.8.0_92/lib/amd64/jli/libjli.so
7f834ed19000-7f834ed1a000 rw-p 00015000 08:02 55314853                   /usr/lib/jvm1/jdk1.8.0_92/lib/amd64/jli/libjli.so
7f834ed1a000-7f834ed33000 r-xp 00000000 08:02 31719603                   /lib/x86_64-linux-gnu/libpthread-2.19.so
7f834ed33000-7f834ef32000 ---p 00019000 08:02 31719603                   /lib/x86_64-linux-gnu/libpthread-2.19.so
7f834ef32000-7f834ef33000 r--p 00018000 08:02 31719603                   /lib/x86_64-linux-gnu/libpthread-2.19.so
7f834ef33000-7f834ef34000 rw-p 00019000 08:02 31719603                   /lib/x86_64-linux-gnu/libpthread-2.19.so
7f834ef34000-7f834ef38000 rw-p 00000000 00:00 0 
7f834ef38000-7f834ef5b000 r-xp 00000000 08:02 31719616                   /lib/x86_64-linux-gnu/ld-2.19.so
7f834ef5b000-7f834ef5e000 r--s 00023000 08:02 60167604                   /home/raviteja/.m2/repository/io/netty/netty-transport-native-epoll/4.1.45.Final/netty-transport-native-epoll-4.1.45.Final-linux-x86_64.jar
7f834ef5e000-7f834ef64000 r--s 0003e000 08:02 10623200                   /home/raviteja/.m2/repository/org/apache/logging/log4j/log4j-api/2.12.1/log4j-api-2.12.1.jar
7f834ef64000-7f834ef6f000 r--s 00069000 08:02 54395379                   /home/raviteja/.m2/repository/ch/qos/logback/logback-core/1.2.3/logback-core-1.2.3.jar
7f834ef6f000-7f834f03a000 rw-p 00000000 00:00 0 
7f834f03a000-7f834f03d000 ---p 00000000 00:00 0 
7f834f03d000-7f834f140000 rw-p 00000000 00:00 0 
7f834f140000-7f834f141000 r--s 00000000 08:02 59383448                   /home/raviteja/.m2/repository/org/springframework/boot/spring-boot-starter-artemis/2.2.5.RELEASE/spring-boot-starter-artemis-2.2.5.RELEASE.jar
7f834f141000-7f834f143000 r--s 0000c000 08:02 56367803                   /home/raviteja/.m2/repository/jakarta/jms/jakarta.jms-api/2.0.3/jakarta.jms-api-2.0.3.jar
7f834f143000-7f834f145000 r--s 00000000 08:02 22414500                   /home/raviteja/.m2/repository/org/slf4j/jul-to-slf4j/1.7.30/jul-to-slf4j-1.7.30.jar
7f834f145000-7f834f147000 r--s 00003000 08:02 10495357                   /home/raviteja/.m2/repository/org/apache/logging/log4j/log4j-to-slf4j/2.12.1/log4j-to-slf4j-2.12.1.jar
7f834f147000-7f834f14d000 r--s 00041000 08:02 54395377                   /home/raviteja/.m2/repository/ch/qos/logback/logback-classic/1.2.3/logback-classic-1.2.3.jar
7f834f14d000-7f834f14e000 r--s 00000000 08:02 59383440                   /home/raviteja/.m2/repository/org/springframework/boot/spring-boot-starter-logging/2.2.5.RELEASE/spring-boot-starter-logging-2.2.5.RELEASE.jar
7f834f14e000-7f834f14f000 r--s 00000000 08:02 59252264                   /home/raviteja/.m2/repository/org/springframework/boot/spring-boot-starter/2.2.5.RELEASE/spring-boot-starter-2.2.5.RELEASE.jar
7f834f14f000-7f834f150000 r--s 00000000 08:02 59252262                   /home/raviteja/.m2/repository/org/springframework/boot/spring-boot-starter-activemq/2.2.5.RELEASE/spring-boot-starter-activemq-2.2.5.RELEASE.jar
7f834f150000-7f834f158000 rw-s 00000000 08:02 34351828                   /tmp/hsperfdata_raviteja/18793
7f834f158000-7f834f159000 rw-p 00000000 00:00 0 
7f834f159000-7f834f15a000 r--p 00000000 00:00 0 
7f834f15a000-7f834f15b000 r--p 00022000 08:02 31719616                   /lib/x86_64-linux-gnu/ld-2.19.so
7f834f15b000-7f834f15c000 rw-p 00023000 08:02 31719616                   /lib/x86_64-linux-gnu/ld-2.19.so
7f834f15c000-7f834f15d000 rw-p 00000000 00:00 0 
7ffdd5544000-7ffdd5568000 rw-p 00000000 00:00 0                          [stack]
7ffdd55f9000-7ffdd55fc000 r--p 00000000 00:00 0                          [vvar]
7ffdd55fc000-7ffdd55fe000 r-xp 00000000 00:00 0                          [vdso]
ffffffffff600000-ffffffffff601000 r-xp 00000000 00:00 0                  [vsyscall]

VM Arguments:
jvm_args: -agentlib:jdwp=transport=dt_socket,suspend=y,address=localhost:45311 -Dcom.sun.management.jmxremote -Dcom.sun.management.jmxremote.port=36716 -Dcom.sun.management.jmxremote.authenticate=false -Dcom.sun.management.jmxremote.ssl=false -Dspring.liveBeansView.mbeanDomain -Dspring.application.admin.enabled=true -Djava.security.egd=file:/dev/./urandom -Dfile.encoding=UTF-8 
java_command: com.cgcl.CapriGlobalWsApplication
java_class_path (initial): /home/raviteja/Desktop/CapriGlobal/CapriGlobalWS/target/classes:/home/raviteja/.m2/repository/org/springframework/boot/spring-boot-starter-activemq/2.2.5.RELEASE/spring-boot-starter-activemq-2.2.5.RELEASE.jar:/home/raviteja/.m2/repository/org/springframework/boot/spring-boot-starter/2.2.5.RELEASE/spring-boot-starter-2.2.5.RELEASE.jar:/home/raviteja/.m2/repository/org/springframework/boot/spring-boot-starter-logging/2.2.5.RELEASE/spring-boot-starter-logging-2.2.5.RELEASE.jar:/home/raviteja/.m2/repository/ch/qos/logback/logback-classic/1.2.3/logback-classic-1.2.3.jar:/home/raviteja/.m2/repository/ch/qos/logback/logback-core/1.2.3/logback-core-1.2.3.jar:/home/raviteja/.m2/repository/org/apache/logging/log4j/log4j-to-slf4j/2.12.1/log4j-to-slf4j-2.12.1.jar:/home/raviteja/.m2/repository/org/apache/logging/log4j/log4j-api/2.12.1/log4j-api-2.12.1.jar:/home/raviteja/.m2/repository/org/slf4j/jul-to-slf4j/1.7.30/jul-to-slf4j-1.7.30.jar:/home/raviteja/.m2/repository/org/yaml/snakeyaml/1.25/snakeyaml-1.25.jar:/home/raviteja/.m2/repository/org/springframework/spring-jms/5.2.4.RELEASE/spring-jms-5.2.4.RELEASE.jar:/home/raviteja/.m2/repository/org/springframework/spring-beans/5.2.4.RELEASE/spring-beans-5.2.4.RELEASE.jar:/home/raviteja/.m2/repository/org/springframework/spring-messaging/5.2.4.RELEASE/spring-messaging-5.2.4.RELEASE.jar:/home/raviteja/.m2/repository/org/springframework/spring-tx/5.2.4.RELEASE/spring-tx-5.2.4.RELEASE.jar:/home/raviteja/.m2/repository/jakarta/jms/jakarta.jms-api/2.0.3/jakarta.jms-api-2.0.3.jar:/home/raviteja/.m2/repository/org/springframework/boot/spring-boot-starter-artemis/2.2.5.RELEASE/spring-boot-starter-artemis-2.2.5.RELEASE.jar:/home/raviteja/.m2/repository/org/apache/activemq/artemis-jms-client/2.10.1/artemis-jms-client-2.10.1.jar:/home/raviteja/.m2/repository/org/apache/activemq/artemis-core-client/2.10.1/artemis-core-client-2.10.1.jar:/home/raviteja/.m2/repository/org/jgroups/jgroups/3.6.13.Final/jgroups-3.6.13.Fina
Launcher Type: SUN_STANDARD

Environment Variables:
PATH=/usr/local/sbin:/usr/local/bin:/usr/sbin:/usr/bin:/sbin:/bin:/usr/games:/usr/local/games::/bin:/snap/bin
SHELL=/bin/bash
DISPLAY=:0.0

Signal Handlers:
SIGSEGV: [libjvm.so+0xabdee0], sa_mask[0]=11111111011111111101111111111110, sa_flags=SA_RESTART|SA_SIGINFO
SIGBUS: [libjvm.so+0xabdee0], sa_mask[0]=11111111011111111101111111111110, sa_flags=SA_RESTART|SA_SIGINFO
SIGFPE: [libjvm.so+0x91a580], sa_mask[0]=11111111011111111101111111111110, sa_flags=SA_RESTART|SA_SIGINFO
SIGPIPE: [libjvm.so+0x91a580], sa_mask[0]=11111111011111111101111111111110, sa_flags=SA_RESTART|SA_SIGINFO
SIGXFSZ: [libjvm.so+0x91a580], sa_mask[0]=11111111011111111101111111111110, sa_flags=SA_RESTART|SA_SIGINFO
SIGILL: [libjvm.so+0x91a580], sa_mask[0]=11111111011111111101111111111110, sa_flags=SA_RESTART|SA_SIGINFO
SIGUSR1: SIG_DFL, sa_mask[0]=00000000000000000000000000000000, sa_flags=none
SIGUSR2: [libjvm.so+0x91bbb0], sa_mask[0]=00100000000000000000000000000000, sa_flags=SA_RESTART|SA_SIGINFO
SIGHUP: [libjvm.so+0x91cfb0], sa_mask[0]=11111111011111111101111111111110, sa_flags=SA_RESTART|SA_SIGINFO
SIGINT: [libjvm.so+0x91cfb0], sa_mask[0]=11111111011111111101111111111110, sa_flags=SA_RESTART|SA_SIGINFO
SIGTERM: [libjvm.so+0x91cfb0], sa_mask[0]=11111111011111111101111111111110, sa_flags=SA_RESTART|SA_SIGINFO
SIGQUIT: [libjvm.so+0x91cfb0], sa_mask[0]=11111111011111111101111111111110, sa_flags=SA_RESTART|SA_SIGINFO


---------------  S Y S T E M  ---------------

OS:DISTRIB_ID=Ubuntu
DISTRIB_RELEASE=14.04
DISTRIB_CODENAME=trusty
DISTRIB_DESCRIPTION="Ubuntu 14.04.6 LTS"

uname:Linux 4.4.0-137-generic #163~14.04.1-Ubuntu SMP Mon Sep 24 17:14:57 UTC 2018 x86_64
libc:glibc 2.19 NPTL 2.19 
rlimit: STACK 8192k, CORE 0k, NPROC 31215, NOFILE 4096, AS infinity
load average:1.29 1.54 1.39

/proc/meminfo:
MemTotal:        8059480 kB
MemFree:          192404 kB
MemAvailable:    3101816 kB
Buffers:          574004 kB
Cached:          1199316 kB
SwapCached:           24 kB
Active:          4263496 kB
Inactive:        1557780 kB
Active(anon):    3581296 kB
Inactive(anon):   887560 kB
Active(file):     682200 kB
Inactive(file):   670220 kB
Unevictable:          88 kB
Mlocked:              88 kB
SwapTotal:       4078588 kB
SwapFree:        4069952 kB
Dirty:               120 kB
Writeback:             0 kB
AnonPages:       4047996 kB
Mapped:           706472 kB
Shmem:            420896 kB
Slab:            1916208 kB
SReclaimable:    1862888 kB
SUnreclaim:        53320 kB
KernelStack:       14064 kB
PageTables:        53432 kB
NFS_Unstable:          0 kB
Bounce:                0 kB
WritebackTmp:          0 kB
CommitLimit:     8108328 kB
Committed_AS:    8917968 kB
VmallocTotal:   34359738367 kB
VmallocUsed:           0 kB
VmallocChunk:          0 kB
HardwareCorrupted:     0 kB
AnonHugePages:         0 kB
CmaTotal:              0 kB
CmaFree:               0 kB
HugePages_Total:       0
HugePages_Free:        0
HugePages_Rsvd:        0
HugePages_Surp:        0
Hugepagesize:       2048 kB
DirectMap4k:      175208 kB
DirectMap2M:     7049216 kB
DirectMap1G:     1048576 kB


CPU:total 4 (2 cores per cpu, 2 threads per core) family 6 model 94 stepping 3, cmov, cx8, fxsr, mmx, sse, sse2, sse3, ssse3, sse4.1, sse4.2, popcnt, avx, avx2, aes, clmul, erms, 3dnowpref, lzcnt, ht, tsc, tscinvbit, bmi1, bmi2, adx

/proc/cpuinfo:
processor	: 0
vendor_id	: GenuineIntel
cpu family	: 6
model		: 94
model name	: Intel(R) Core(TM) i3-6100 CPU @ 3.70GHz
stepping	: 3
microcode	: 0xcc
cpu MHz		: 3700.000
cache size	: 3072 KB
physical id	: 0
siblings	: 4
core id		: 0
cpu cores	: 2
apicid		: 0
initial apicid	: 0
fpu		: yes
fpu_exception	: yes
cpuid level	: 22
wp		: yes
flags		: fpu vme de pse tsc msr pae mce cx8 apic sep mtrr pge mca cmov pat pse36 clflush dts acpi mmx fxsr sse sse2 ss ht tm pbe syscall nx pdpe1gb rdtscp lm constant_tsc art arch_perfmon pebs bts rep_good nopl xtopology nonstop_tsc aperfmperf pni pclmulqdq dtes64 monitor ds_cpl vmx est tm2 ssse3 sdbg fma cx16 xtpr pdcm pcid sse4_1 sse4_2 x2apic movbe popcnt tsc_deadline_timer aes xsave avx f16c rdrand lahf_lm abm 3dnowprefetch invpcid_single intel_pt ssbd ibrs ibpb stibp kaiser tpr_shadow vnmi flexpriority ept vpid fsgsbase tsc_adjust bmi1 avx2 smep bmi2 erms invpcid mpx rdseed adx smap clflushopt xsaveopt xsavec xgetbv1 dtherm arat pln pts hwp hwp_notify hwp_act_window hwp_epp flush_l1d
bugs		: cpu_meltdown spectre_v1 spectre_v2 spec_store_bypass l1tf
bogomips	: 7391.57
clflush size	: 64
cache_alignment	: 64
address sizes	: 39 bits physical, 48 bits virtual
power management:

processor	: 1
vendor_id	: GenuineIntel
cpu family	: 6
model		: 94
model name	: Intel(R) Core(TM) i3-6100 CPU @ 3.70GHz
stepping	: 3
microcode	: 0xcc
cpu MHz		: 3700.000
cache size	: 3072 KB
physical id	: 0
siblings	: 4
core id		: 1
cpu cores	: 2
apicid		: 2
initial apicid	: 2
fpu		: yes
fpu_exception	: yes
cpuid level	: 22
wp		: yes
flags		: fpu vme de pse tsc msr pae mce cx8 apic sep mtrr pge mca cmov pat pse36 clflush dts acpi mmx fxsr sse sse2 ss ht tm pbe syscall nx pdpe1gb rdtscp lm constant_tsc art arch_perfmon pebs bts rep_good nopl xtopology nonstop_tsc aperfmperf pni pclmulqdq dtes64 monitor ds_cpl vmx est tm2 ssse3 sdbg fma cx16 xtpr pdcm pcid sse4_1 sse4_2 x2apic movbe popcnt tsc_deadline_timer aes xsave avx f16c rdrand lahf_lm abm 3dnowprefetch invpcid_single intel_pt ssbd ibrs ibpb stibp kaiser tpr_shadow vnmi flexpriority ept vpid fsgsbase tsc_adjust bmi1 avx2 smep bmi2 erms invpcid mpx rdseed adx smap clflushopt xsaveopt xsavec xgetbv1 dtherm arat pln pts hwp hwp_notify hwp_act_window hwp_epp flush_l1d
bugs		: cpu_meltdown spectre_v1 spectre_v2 spec_store_bypass l1tf
bogomips	: 7391.57
clflush size	: 64
cache_alignment	: 64
address sizes	: 39 bits physical, 48 bits virtual
power management:

processor	: 2
vendor_id	: GenuineIntel
cpu family	: 6
model		: 94
model name	: Intel(R) Core(TM) i3-6100 CPU @ 3.70GHz
stepping	: 3
microcode	: 0xcc
cpu MHz		: 3700.000
cache size	: 3072 KB
physical id	: 0
siblings	: 4
core id		: 0
cpu cores	: 2
apicid		: 1
initial apicid	: 1
fpu		: yes
fpu_exception	: yes
cpuid level	: 22
wp		: yes
flags		: fpu vme de pse tsc msr pae mce cx8 apic sep mtrr pge mca cmov pat pse36 clflush dts acpi mmx fxsr sse sse2 ss ht tm pbe syscall nx pdpe1gb rdtscp lm constant_tsc art arch_perfmon pebs bts rep_good nopl xtopology nonstop_tsc aperfmperf pni pclmulqdq dtes64 monitor ds_cpl vmx est tm2 ssse3 sdbg fma cx16 xtpr pdcm pcid sse4_1 sse4_2 x2apic movbe popcnt tsc_deadline_timer aes xsave avx f16c rdrand lahf_lm abm 3dnowprefetch invpcid_single intel_pt ssbd ibrs ibpb stibp kaiser tpr_shadow vnmi flexpriority ept vpid fsgsbase tsc_adjust bmi1 avx2 smep bmi2 erms invpcid mpx rdseed adx smap clflushopt xsaveopt xsavec xgetbv1 dtherm arat pln pts hwp hwp_notify hwp_act_window hwp_epp flush_l1d
bugs		: cpu_meltdown spectre_v1 spectre_v2 spec_store_bypass l1tf
bogomips	: 7391.57
clflush size	: 64
cache_alignment	: 64
address sizes	: 39 bits physical, 48 bits virtual
power management:

processor	: 3
vendor_id	: GenuineIntel
cpu family	: 6
model		: 94
model name	: Intel(R) Core(TM) i3-6100 CPU @ 3.70GHz
stepping	: 3
microcode	: 0xcc
cpu MHz		: 3699.855
cache size	: 3072 KB
physical id	: 0
siblings	: 4
core id		: 1
cpu cores	: 2
apicid		: 3
initial apicid	: 3
fpu		: yes
fpu_exception	: yes
cpuid level	: 22
wp		: yes
flags		: fpu vme de pse tsc msr pae mce cx8 apic sep mtrr pge mca cmov pat pse36 clflush dts acpi mmx fxsr sse sse2 ss ht tm pbe syscall nx pdpe1gb rdtscp lm constant_tsc art arch_perfmon pebs bts rep_good nopl xtopology nonstop_tsc aperfmperf pni pclmulqdq dtes64 monitor ds_cpl vmx est tm2 ssse3 sdbg fma cx16 xtpr pdcm pcid sse4_1 sse4_2 x2apic movbe popcnt tsc_deadline_timer aes xsave avx f16c rdrand lahf_lm abm 3dnowprefetch invpcid_single intel_pt ssbd ibrs ibpb stibp kaiser tpr_shadow vnmi flexpriority ept vpid fsgsbase tsc_adjust bmi1 avx2 smep bmi2 erms invpcid mpx rdseed adx smap clflushopt xsaveopt xsavec xgetbv1 dtherm arat pln pts hwp hwp_notify hwp_act_window hwp_epp flush_l1d
bugs		: cpu_meltdown spectre_v1 spectre_v2 spec_store_bypass l1tf
bogomips	: 7391.57
clflush size	: 64
cache_alignment	: 64
address sizes	: 39 bits physical, 48 bits virtual
power management:



Memory: 4k page, physical 8059480k(192404k free), swap 4078588k(4069952k free)

vm_info: Java HotSpot(TM) 64-Bit Server VM (25.92-b14) for linux-amd64 JRE (1.8.0_92-b14), built on Mar 31 2016 21:08:29 by "java_re" with gcc 4.3.0 20080428 (Red Hat 4.3.0-8)

time: Sat Mar 21 16:51:04 2020
elapsed time: 165 seconds (0d 0h 2m 45s)

